[0.290s] DEBUG:colcon:Command line arguments: ['/usr/bin/colcon', 'build', '--packages-up-to', 'light_controlled_intersection_tactical_plugin']
[0.290s] DEBUG:colcon:Parsed command line arguments: Namespace(ament_cmake_args=None, base_paths=['.'], build_base='build', catkin_cmake_args=None, catkin_skip_building_tests=False, cmake_args=None, cmake_clean_cache=False, cmake_clean_first=False, cmake_force_configure=False, cmake_target=None, cmake_target_skip_unavailable=False, continue_on_error=False, event_handlers=None, executor='parallel', ignore_user_meta=False, install_base='install', log_base=None, log_level=None, main=<bound method BuildVerb.main of <colcon_core.verb.build.BuildVerb object at 0x7f08b779b040>>, merge_install=False, metas=['./colcon.meta'], packages_above=None, packages_above_and_dependencies=None, packages_above_depth=None, packages_end=None, packages_ignore=None, packages_ignore_regex=None, packages_select=None, packages_select_build_failed=False, packages_select_by_dep=None, packages_select_regex=None, packages_select_test_failures=False, packages_skip=None, packages_skip_build_finished=False, packages_skip_by_dep=None, packages_skip_regex=None, packages_skip_test_passed=False, packages_skip_up_to=None, packages_start=None, packages_up_to=['light_controlled_intersection_tactical_plugin'], packages_up_to_regex=None, parallel_workers=6, paths=None, symlink_install=False, test_result_base=None, verb_extension=<colcon_core.verb.build.BuildVerb object at 0x7f08b779b040>, verb_name='build', verb_parser=<colcon_defaults.argument_parser.defaults.DefaultArgumentsDecorator object at 0x7f08b779b550>)
[0.295s] Level 1:colcon.colcon_core.package_discovery:discover_packages(colcon_meta) check parameters
[0.295s] Level 1:colcon.colcon_core.package_discovery:discover_packages(recursive) check parameters
[0.295s] Level 1:colcon.colcon_core.package_discovery:discover_packages(ignore) check parameters
[0.295s] Level 1:colcon.colcon_core.package_discovery:discover_packages(path) check parameters
[0.295s] Level 1:colcon.colcon_core.package_discovery:discover_packages(colcon_meta) discover
[0.295s] Level 1:colcon.colcon_core.package_discovery:discover_packages(recursive) discover
[0.295s] INFO:colcon.colcon_core.package_discovery:Crawling recursively for packages in '/workspaces/carma/src/carma-platform/light_controlled_intersection_tactical_plugin'
[0.295s] Level 1:colcon.colcon_core.package_identification:_identify(.) by extensions ['ignore', 'ignore_ament_install']
[0.295s] Level 1:colcon.colcon_core.package_identification:_identify(.) by extension 'ignore'
[0.295s] Level 1:colcon.colcon_core.package_identification:_identify(.) by extension 'ignore_ament_install'
[0.295s] Level 1:colcon.colcon_core.package_identification:_identify(.) by extensions ['colcon_pkg']
[0.295s] Level 1:colcon.colcon_core.package_identification:_identify(.) by extension 'colcon_pkg'
[0.296s] Level 1:colcon.colcon_core.package_identification:_identify(.) by extensions ['colcon_meta']
[0.296s] Level 1:colcon.colcon_core.package_identification:_identify(.) by extension 'colcon_meta'
[0.296s] Level 1:colcon.colcon_core.package_identification:_identify(.) by extensions ['ros']
[0.296s] Level 1:colcon.colcon_core.package_identification:_identify(.) by extension 'ros'
[0.307s] DEBUG:colcon.colcon_core.package_identification:Package '.' with type 'ros.catkin' and name 'light_controlled_intersection_tactical_plugin'
[0.308s] Level 1:colcon.colcon_core.package_discovery:discover_packages(recursive) using defaults
[0.308s] Level 1:colcon.colcon_core.package_discovery:discover_packages(ignore) discover
[0.308s] Level 1:colcon.colcon_core.package_discovery:discover_packages(ignore) using defaults
[0.308s] Level 1:colcon.colcon_core.package_discovery:discover_packages(path) discover
[0.308s] Level 1:colcon.colcon_core.package_discovery:discover_packages(path) using defaults
[0.328s] Level 5:colcon.colcon_core.verb:set package 'light_controlled_intersection_tactical_plugin' build argument 'cmake_args' from command line to 'None'
[0.328s] Level 5:colcon.colcon_core.verb:set package 'light_controlled_intersection_tactical_plugin' build argument 'cmake_target' from command line to 'None'
[0.328s] Level 5:colcon.colcon_core.verb:set package 'light_controlled_intersection_tactical_plugin' build argument 'cmake_target_skip_unavailable' from command line to 'False'
[0.328s] Level 5:colcon.colcon_core.verb:set package 'light_controlled_intersection_tactical_plugin' build argument 'cmake_clean_cache' from command line to 'False'
[0.328s] Level 5:colcon.colcon_core.verb:set package 'light_controlled_intersection_tactical_plugin' build argument 'cmake_clean_first' from command line to 'False'
[0.328s] Level 5:colcon.colcon_core.verb:set package 'light_controlled_intersection_tactical_plugin' build argument 'cmake_force_configure' from command line to 'False'
[0.328s] Level 5:colcon.colcon_core.verb:set package 'light_controlled_intersection_tactical_plugin' build argument 'ament_cmake_args' from command line to 'None'
[0.328s] Level 5:colcon.colcon_core.verb:set package 'light_controlled_intersection_tactical_plugin' build argument 'catkin_cmake_args' from command line to 'None'
[0.328s] Level 5:colcon.colcon_core.verb:set package 'light_controlled_intersection_tactical_plugin' build argument 'catkin_skip_building_tests' from command line to 'False'
[0.328s] DEBUG:colcon.colcon_core.verb:Building package 'light_controlled_intersection_tactical_plugin' with the following arguments: {'ament_cmake_args': None, 'build_base': '/workspaces/carma/src/carma-platform/light_controlled_intersection_tactical_plugin/build/light_controlled_intersection_tactical_plugin', 'catkin_cmake_args': None, 'catkin_skip_building_tests': False, 'cmake_args': None, 'cmake_clean_cache': False, 'cmake_clean_first': False, 'cmake_force_configure': False, 'cmake_target': None, 'cmake_target_skip_unavailable': False, 'install_base': '/workspaces/carma/src/carma-platform/light_controlled_intersection_tactical_plugin/install/light_controlled_intersection_tactical_plugin', 'merge_install': False, 'path': '/workspaces/carma/src/carma-platform/light_controlled_intersection_tactical_plugin', 'symlink_install': False, 'test_result_base': None}
[0.328s] INFO:colcon.colcon_core.executor:Executing jobs using 'parallel' executor
[0.330s] DEBUG:colcon.colcon_parallel_executor.executor.parallel:run_until_complete
[0.331s] INFO:colcon.colcon_ros.task.catkin.build:Building ROS package in '/workspaces/carma/src/carma-platform/light_controlled_intersection_tactical_plugin' with build type 'catkin'
[0.331s] INFO:colcon.colcon_cmake.task.cmake.build:Building CMake package in '/workspaces/carma/src/carma-platform/light_controlled_intersection_tactical_plugin'
[0.335s] INFO:colcon.colcon_core.plugin_system:Skipping extension 'colcon_core.shell.bat': Not used on non-Windows systems
[0.336s] INFO:colcon.colcon_core.shell:Skip shell extension 'powershell' for command environment: Not usable outside of PowerShell
[0.336s] DEBUG:colcon.colcon_core.shell:Skip shell extension 'dsv' for command environment
[0.339s] WARNING:colcon.colcon_ros.prefix_path.catkin:The path '/workspaces/carma/devel' in the environment variable CMAKE_PREFIX_PATH doesn't exist
[0.339s] WARNING:colcon.colcon_ros.prefix_path.catkin:The path '/home/carma/carma_ws/carma/devel' in the environment variable CMAKE_PREFIX_PATH doesn't exist
[0.339s] DEBUG:colcon.colcon_core.shell:Ignoring prefix path '/opt/ros/noetic'
[0.359s] DEBUG:colcon.colcon_core.event_handler.log_command:Invoking command in '/workspaces/carma/src/carma-platform/light_controlled_intersection_tactical_plugin/build/light_controlled_intersection_tactical_plugin': PS1=\t \u@\h \[\033[32m\]\w\[\033[33m\]$(parse_git_branch)\[\033[00m\] $ /usr/bin/cmake /workspaces/carma/src/carma-platform/light_controlled_intersection_tactical_plugin -DCATKIN_INSTALL_INTO_PREFIX_ROOT=0 -DCMAKE_INSTALL_PREFIX=/workspaces/carma/src/carma-platform/light_controlled_intersection_tactical_plugin/install/light_controlled_intersection_tactical_plugin
[0.799s] DEBUG:colcon.colcon_core.event_handler.log_command:Invoked command in '/workspaces/carma/src/carma-platform/light_controlled_intersection_tactical_plugin/build/light_controlled_intersection_tactical_plugin' returned '1': PS1=\t \u@\h \[\033[32m\]\w\[\033[33m\]$(parse_git_branch)\[\033[00m\] $ /usr/bin/cmake /workspaces/carma/src/carma-platform/light_controlled_intersection_tactical_plugin -DCATKIN_INSTALL_INTO_PREFIX_ROOT=0 -DCMAKE_INSTALL_PREFIX=/workspaces/carma/src/carma-platform/light_controlled_intersection_tactical_plugin/install/light_controlled_intersection_tactical_plugin
[0.814s] Level 1:colcon.colcon_core.environment:create_environment_scripts_only(light_controlled_intersection_tactical_plugin)
[0.819s] Level 1:colcon.colcon_core.environment:checking '/workspaces/carma/src/carma-platform/light_controlled_intersection_tactical_plugin/install/light_controlled_intersection_tactical_plugin' for CMake module files
[0.819s] Level 1:colcon.colcon_core.environment:checking '/workspaces/carma/src/carma-platform/light_controlled_intersection_tactical_plugin/install/light_controlled_intersection_tactical_plugin' for CMake config files
[0.820s] Level 1:colcon.colcon_core.environment:checking '/workspaces/carma/src/carma-platform/light_controlled_intersection_tactical_plugin/install/light_controlled_intersection_tactical_plugin/bin'
[0.820s] Level 1:colcon.colcon_core.environment:checking '/workspaces/carma/src/carma-platform/light_controlled_intersection_tactical_plugin/install/light_controlled_intersection_tactical_plugin/lib/pkgconfig/light_controlled_intersection_tactical_plugin.pc'
[0.820s] Level 1:colcon.colcon_core.environment:checking '/workspaces/carma/src/carma-platform/light_controlled_intersection_tactical_plugin/install/light_controlled_intersection_tactical_plugin/lib/python3.8/site-packages'
[0.820s] INFO:colcon.colcon_core.shell:Creating package script '/workspaces/carma/src/carma-platform/light_controlled_intersection_tactical_plugin/install/light_controlled_intersection_tactical_plugin/share/light_controlled_intersection_tactical_plugin/package.ps1'
[0.821s] INFO:colcon.colcon_core.shell:Creating package descriptor '/workspaces/carma/src/carma-platform/light_controlled_intersection_tactical_plugin/install/light_controlled_intersection_tactical_plugin/share/light_controlled_intersection_tactical_plugin/package.dsv'
[0.822s] INFO:colcon.colcon_core.shell:Creating package script '/workspaces/carma/src/carma-platform/light_controlled_intersection_tactical_plugin/install/light_controlled_intersection_tactical_plugin/share/light_controlled_intersection_tactical_plugin/package.sh'
[0.822s] INFO:colcon.colcon_core.shell:Creating package script '/workspaces/carma/src/carma-platform/light_controlled_intersection_tactical_plugin/install/light_controlled_intersection_tactical_plugin/share/light_controlled_intersection_tactical_plugin/package.bash'
[0.823s] INFO:colcon.colcon_core.shell:Creating package script '/workspaces/carma/src/carma-platform/light_controlled_intersection_tactical_plugin/install/light_controlled_intersection_tactical_plugin/share/light_controlled_intersection_tactical_plugin/package.zsh'
[0.824s] Level 1:colcon.colcon_core.environment:create_file_with_runtime_dependencies(/workspaces/carma/src/carma-platform/light_controlled_intersection_tactical_plugin/install/light_controlled_intersection_tactical_plugin/share/colcon-core/packages/light_controlled_intersection_tactical_plugin)
[0.834s] DEBUG:colcon.colcon_parallel_executor.executor.parallel:closing loop
[0.835s] DEBUG:colcon.colcon_parallel_executor.executor.parallel:loop closed
[0.835s] DEBUG:colcon.colcon_parallel_executor.executor.parallel:run_until_complete finished with '1'
[0.835s] DEBUG:colcon.colcon_core.event_reactor:joining thread
[0.841s] INFO:colcon.colcon_core.plugin_system:Skipping extension 'colcon_notification.desktop_notification.notify_send': Could not find 'notify-send'
[0.841s] INFO:colcon.colcon_core.plugin_system:Skipping extension 'colcon_notification.desktop_notification.terminal_notifier': Not used on non-Darwin systems
[0.841s] INFO:colcon.colcon_core.plugin_system:Skipping extension 'colcon_notification.desktop_notification.win32': Not used on non-Windows systems
[0.841s] INFO:colcon.colcon_notification.desktop_notification:Sending desktop notification using 'notify2'
[0.841s] DEBUG:colcon.colcon_notification.desktop_notification.notify2:Failed to initialize notify2: org.freedesktop.DBus.Error.NotSupported: Unable to autolaunch a dbus-daemon without a $DISPLAY for X11
[0.841s] DEBUG:colcon.colcon_core.event_reactor:joined thread
[0.842s] INFO:colcon.colcon_core.shell:Creating prefix script '/workspaces/carma/src/carma-platform/light_controlled_intersection_tactical_plugin/install/local_setup.ps1'
[0.843s] INFO:colcon.colcon_core.shell:Creating prefix util module '/workspaces/carma/src/carma-platform/light_controlled_intersection_tactical_plugin/install/_local_setup_util_ps1.py'
[0.844s] INFO:colcon.colcon_core.shell:Creating prefix chain script '/workspaces/carma/src/carma-platform/light_controlled_intersection_tactical_plugin/install/setup.ps1'
[0.846s] INFO:colcon.colcon_core.shell:Creating prefix script '/workspaces/carma/src/carma-platform/light_controlled_intersection_tactical_plugin/install/local_setup.sh'
[0.846s] INFO:colcon.colcon_core.shell:Creating prefix util module '/workspaces/carma/src/carma-platform/light_controlled_intersection_tactical_plugin/install/_local_setup_util_sh.py'
[0.847s] INFO:colcon.colcon_core.shell:Creating prefix chain script '/workspaces/carma/src/carma-platform/light_controlled_intersection_tactical_plugin/install/setup.sh'
[0.849s] INFO:colcon.colcon_core.shell:Creating prefix script '/workspaces/carma/src/carma-platform/light_controlled_intersection_tactical_plugin/install/local_setup.bash'
[0.849s] INFO:colcon.colcon_core.shell:Creating prefix chain script '/workspaces/carma/src/carma-platform/light_controlled_intersection_tactical_plugin/install/setup.bash'
[0.851s] INFO:colcon.colcon_core.shell:Creating prefix script '/workspaces/carma/src/carma-platform/light_controlled_intersection_tactical_plugin/install/local_setup.zsh'
[0.851s] INFO:colcon.colcon_core.shell:Creating prefix chain script '/workspaces/carma/src/carma-platform/light_controlled_intersection_tactical_plugin/install/setup.zsh'
